[1;34marr[0]: [0;39m ./push_swap 8 19 13 15 5 2 3 0 9 14 11 4 7 16 18 10 12 6 1 17 	checker_linux:[0;32mOK
[0;39m[1;34marr[1]: [0;39m ./push_swap 9 17 16 10 2 13 15 8 14 18 4 5 0 12 1 11 7 3 19 6 	checker_linux:[0;32mOK
[0;39m[1;34marr[2]: [0;39m ./push_swap 14 6 12 11 13 16 10 9 18 1 5 2 8 7 19 4 0 15 17 3 	checker_linux:[0;32mOK
[0;39m[1;34marr[3]: [0;39m ./push_swap 18 3 7 4 16 12 11 14 1 19 2 13 9 0 17 5 8 10 6 15 	checker_linux:[0;32mOK
[0;39m[1;34marr[4]: [0;39m ./push_swap 1 15 0 5 12 7 4 18 19 17 13 16 14 8 6 2 9 11 3 10 	checker_linux:[0;32mOK
[0;39m[1;34marr[5]: [0;39m ./push_swap 19 10 8 2 7 0 5 1 17 6 16 12 18 9 3 13 14 4 15 11 	checker_linux:[0;32mOK
[0;39m[1;34marr[6]: [0;39m ./push_swap 17 11 9 13 0 8 2 19 6 3 12 7 1 14 15 16 18 5 10 4 	checker_linux:[0;32mOK
[0;39m[1;34marr[7]: [0;39m ./push_swap 6 4 14 16 8 9 13 17 3 15 7 0 19 18 10 12 1 2 11 5 	checker_linux:[0;32mOK
[0;39m[1;34marr[8]: [0;39m ./push_swap 3 5 18 12 9 14 16 6 15 10 0 8 17 1 11 7 19 13 4 2 	checker_linux:[0;32mOK
[0;39m[1;34marr[9]: [0;39m ./push_swap 15 2 1 7 14 18 12 3 10 11 8 9 6 19 4 0 17 16 5 13 	checker_linux:[0;32mOK
[0;39m[1;34marr[10]: [0;39m ./push_swap 10 13 19 0 18 1 7 15 11 4 9 14 3 17 5 8 6 12 2 16 	checker_linux:[0;32mOK
[0;39m[1;34marr[11]: [0;39m ./push_swap 11 16 17 8 1 19 0 10 4 5 14 18 15 6 2 9 3 7 13 12 	checker_linux:[0;32mOK
[0;39m[1;34marr[12]: [0;39m ./push_swap 4 12 6 9 19 17 8 11 5 2 18 1 10 3 13 14 15 0 16 7 	checker_linux:[0;32mOK
[0;39m[1;34marr[13]: [0;39m ./push_swap 5 7 3 14 17 6 9 4 2 13 1 19 11 15 16 18 10 8 12 0 	checker_linux:[0;32mOK
[0;39m[1;34marr[14]: [0;39m ./push_swap 2 0 15 18 6 3 14 5 13 16 19 17 4 10 12 1 11 9 7 8 	checker_linux:[0;32mOK
[0;39m[1;34marr[15]: [0;39m ./push_swap 13 8 10 1 3 15 18 2 16 12 17 6 5 11 7 19 4 14 0 9 	checker_linux:[0;32mOK
[0;39m[1;34marr[16]: [0;39m ./push_swap 16 9 11 19 15 10 1 13 12 7 6 3 2 4 0 17 5 18 8 14 	checker_linux:[0;32mOK
[0;39m[1;34marr[17]: [0;39m ./push_swap 12 14 4 17 10 11 19 16 7 0 3 15 13 5 8 6 2 1 9 18 	checker_linux:[0;32mOK
[0;39m[1;34marr[18]: [0;39m ./push_swap 7 18 5 6 11 4 17 12 0 8 15 10 16 2 9 3 13 19 14 1 	checker_linux:[0;32mOK
[0;39m[1;34marr[19]: [0;39m ./push_swap 0 1 2 3 4 5 6 7 8 9 10 11 12 13 14 15 16 17 18 19 	checker_linux:[0;32mOK
[0;39m[1;34marr[21]: [0;39m ./push_swap 8 19 13 15 5 2 3 0 9 14 11 4 7 16 18 10 12 6 1 17 	checker_linux:[0;32mOK
[0;39m[1;34marr[22]: [0;39m ./push_swap 9 17 16 10 2 13 15 8 14 18 4 5 0 12 1 11 7 3 19 6 	checker_linux:[0;32mOK
[0;39m[1;34marr[23]: [0;39m ./push_swap 14 6 12 11 13 16 10 9 18 1 5 2 8 7 19 4 0 15 17 3 	checker_linux:[0;32mOK
[0;39m[1;34marr[24]: [0;39m ./push_swap 18 3 7 4 16 12 11 14 1 19 2 13 9 0 17 5 8 10 6 15 	checker_linux:[0;32mOK
[0;39m[1;34marr[25]: [0;39m ./push_swap 1 15 0 5 12 7 4 18 19 17 13 16 14 8 6 2 9 11 3 10 	checker_linux:[0;32mOK
[0;39m[1;34marr[26]: [0;39m ./push_swap 19 10 8 2 7 0 5 1 17 6 16 12 18 9 3 13 14 4 15 11 	checker_linux:[0;32mOK
[0;39m[1;34marr[27]: [0;39m ./push_swap 17 11 9 13 0 8 2 19 6 3 12 7 1 14 15 16 18 5 10 4 	checker_linux:[0;32mOK
[0;39m[1;34marr[28]: [0;39m ./push_swap 6 4 14 16 8 9 13 17 3 15 7 0 19 18 10 12 1 2 11 5 	checker_linux:[0;32mOK
[0;39m[1;34marr[29]: [0;39m ./push_swap 3 5 18 12 9 14 16 6 15 10 0 8 17 1 11 7 19 13 4 2 	checker_linux:[0;32mOK
[0;39m[1;34marr[30]: [0;39m ./push_swap 15 2 1 7 14 18 12 3 10 11 8 9 6 19 4 0 17 16 5 13 	checker_linux:[0;32mOK
[0;39m[1;34marr[31]: [0;39m ./push_swap 10 13 19 0 18 1 7 15 11 4 9 14 3 17 5 8 6 12 2 16 	checker_linux:[0;32mOK
[0;39m[1;34marr[32]: [0;39m ./push_swap 11 16 17 8 1 19 0 10 4 5 14 18 15 6 2 9 3 7 13 12 	checker_linux:[0;32mOK
[0;39m[1;34marr[33]: [0;39m ./push_swap 4 12 6 9 19 17 8 11 5 2 18 1 10 3 13 14 15 0 16 7 	checker_linux:[0;32mOK
[0;39m[1;34marr[34]: [0;39m ./push_swap 5 7 3 14 17 6 9 4 2 13 1 19 11 15 16 18 10 8 12 0 	checker_linux:[0;32mOK
[0;39m[1;34marr[35]: [0;39m ./push_swap 2 0 15 18 6 3 14 5 13 16 19 17 4 10 12 1 11 9 7 8 	checker_linux:[0;32mOK
[0;39m[1;34marr[36]: [0;39m ./push_swap 13 8 10 1 3 15 18 2 16 12 17 6 5 11 7 19 4 14 0 9 	checker_linux:[0;32mOK
[0;39m[1;34marr[37]: [0;39m ./push_swap 16 9 11 19 15 10 1 13 12 7 6 3 2 4 0 17 5 18 8 14 	checker_linux:[0;32mOK
[0;39m[1;34marr[38]: [0;39m ./push_swap 12 14 4 17 10 11 19 16 7 0 3 15 13 5 8 6 2 1 9 18 	checker_linux:[0;32mOK
[0;39m[1;34marr[39]: [0;39m ./push_swap 7 18 5 6 11 4 17 12 0 8 15 10 16 2 9 3 13 19 14 1 	checker_linux:[0;32mOK
[0;39m[1;34marr[41]: [0;39m ./push_swap 0 1 2 3 4 5 6 7 8 9 10 11 12 13 14 15 16 17 18 19 	checker_linux:[0;32mOK
[0;39m[1;34marr[42]: [0;39m ./push_swap 8 19 13 15 5 2 3 0 9 14 11 4 7 16 18 10 12 6 1 17 	checker_linux:[0;32mOK
[0;39m[1;34marr[43]: [0;39m ./push_swap 9 17 16 10 2 13 15 8 14 18 4 5 0 12 1 11 7 3 19 6 	checker_linux:[0;32mOK
[0;39m[1;34marr[44]: [0;39m ./push_swap 14 6 12 11 13 16 10 9 18 1 5 2 8 7 19 4 0 15 17 3 	checker_linux:[0;32mOK
[0;39m[1;34marr[45]: [0;39m ./push_swap 18 3 7 4 16 12 11 14 1 19 2 13 9 0 17 5 8 10 6 15 	checker_linux:[0;32mOK
[0;39m[1;34marr[46]: [0;39m ./push_swap 1 15 0 5 12 7 4 18 19 17 13 16 14 8 6 2 9 11 3 10 	checker_linux:[0;32mOK
[0;39m[1;34marr[47]: [0;39m ./push_swap 19 10 8 2 7 0 5 1 17 6 16 12 18 9 3 13 14 4 15 11 	checker_linux:[0;32mOK
[0;39m[1;34marr[48]: [0;39m ./push_swap 17 11 9 13 0 8 2 19 6 3 12 7 1 14 15 16 18 5 10 4 	checker_linux:[0;32mOK
[0;39m[1;34marr[49]: [0;39m ./push_swap 6 4 14 16 8 9 13 17 3 15 7 0 19 18 10 12 1 2 11 5 	checker_linux:[0;32mOK
[0;39m[1;34marr[50]: [0;39m ./push_swap 3 5 18 12 9 14 16 6 15 10 0 8 17 1 11 7 19 13 4 2 	checker_linux:[0;32mOK
[0;39m[1;34marr[51]: [0;39m ./push_swap 15 2 1 7 14 18 12 3 10 11 8 9 6 19 4 0 17 16 5 13 	checker_linux:[0;32mOK
[0;39m[1;34marr[52]: [0;39m ./push_swap 10 13 19 0 18 1 7 15 11 4 9 14 3 17 5 8 6 12 2 16 	checker_linux:[0;32mOK
[0;39m[1;34marr[53]: [0;39m ./push_swap 11 16 17 8 1 19 0 10 4 5 14 18 15 6 2 9 3 7 13 12 	checker_linux:[0;32mOK
[0;39m[1;34marr[54]: [0;39m ./push_swap 4 12 6 9 19 17 8 11 5 2 18 1 10 3 13 14 15 0 16 7 	checker_linux:[0;32mOK
[0;39m[1;34marr[55]: [0;39m ./push_swap 5 7 3 14 17 6 9 4 2 13 1 19 11 15 16 18 10 8 12 0 	checker_linux:[0;32mOK
[0;39m[1;34marr[56]: [0;39m ./push_swap 2 0 15 18 6 3 14 5 13 16 19 17 4 10 12 1 11 9 7 8 	checker_linux:[0;32mOK
[0;39m[1;34marr[57]: [0;39m ./push_swap 13 8 10 1 3 15 18 2 16 12 17 6 5 11 7 19 4 14 0 9 	checker_linux:[0;32mOK
[0;39m[1;34marr[58]: [0;39m ./push_swap 16 9 11 19 15 10 1 13 12 7 6 3 2 4 0 17 5 18 8 14 	checker_linux:[0;32mOK
[0;39m[1;34marr[59]: [0;39m ./push_swap 12 14 4 17 10 11 19 16 7 0 3 15 13 5 8 6 2 1 9 18 	checker_linux:[0;32mOK
[0;39m[1;34marr[61]: [0;39m ./push_swap 7 18 5 6 11 4 17 12 0 8 15 10 16 2 9 3 13 19 14 1 	checker_linux:[0;32mOK
[0;39m[1;34marr[62]: [0;39m ./push_swap 0 1 2 3 4 5 6 7 8 9 10 11 12 13 14 15 16 17 18 19 	checker_linux:[0;32mOK
[0;39m[1;34marr[63]: [0;39m ./push_swap 8 19 13 15 5 2 3 0 9 14 11 4 7 16 18 10 12 6 1 17 	checker_linux:[0;32mOK
[0;39m[1;34marr[64]: [0;39m ./push_swap 9 17 16 10 2 13 15 8 14 18 4 5 0 12 1 11 7 3 19 6 	checker_linux:[0;32mOK
[0;39m[1;34marr[65]: [0;39m ./push_swap 14 6 12 11 13 16 10 9 18 1 5 2 8 7 19 4 0 15 17 3 	checker_linux:[0;32mOK
[0;39m[1;34marr[66]: [0;39m ./push_swap 18 3 7 4 16 12 11 14 1 19 2 13 9 0 17 5 8 10 6 15 	checker_linux:[0;32mOK
[0;39m[1;34marr[67]: [0;39m ./push_swap 1 15 0 5 12 7 4 18 19 17 13 16 14 8 6 2 9 11 3 10 	checker_linux:[0;32mOK
[0;39m[1;34marr[68]: [0;39m ./push_swap 19 10 8 2 7 0 5 1 17 6 16 12 18 9 3 13 14 4 15 11 	checker_linux:[0;32mOK
[0;39m[1;34marr[69]: [0;39m ./push_swap 17 11 9 13 0 8 2 19 6 3 12 7 1 14 15 16 18 5 10 4 	checker_linux:[0;32mOK
[0;39m[1;34marr[70]: [0;39m ./push_swap 6 4 14 16 8 9 13 17 3 15 7 0 19 18 10 12 1 2 11 5 	checker_linux:[0;32mOK
[0;39m[1;34marr[71]: [0;39m ./push_swap 3 5 18 12 9 14 16 6 15 10 0 8 17 1 11 7 19 13 4 2 	checker_linux:[0;32mOK
[0;39m[1;34marr[72]: [0;39m ./push_swap 15 2 1 7 14 18 12 3 10 11 8 9 6 19 4 0 17 16 5 13 	checker_linux:[0;32mOK
[0;39m[1;34marr[73]: [0;39m ./push_swap 10 13 19 0 18 1 7 15 11 4 9 14 3 17 5 8 6 12 2 16 	checker_linux:[0;32mOK
[0;39m[1;34marr[74]: [0;39m ./push_swap 11 16 17 8 1 19 0 10 4 5 14 18 15 6 2 9 3 7 13 12 	checker_linux:[0;32mOK
[0;39m[1;34marr[75]: [0;39m ./push_swap 4 12 6 9 19 17 8 11 5 2 18 1 10 3 13 14 15 0 16 7 	checker_linux:[0;32mOK
[0;39m[1;34marr[76]: [0;39m ./push_swap 5 7 3 14 17 6 9 4 2 13 1 19 11 15 16 18 10 8 12 0 	checker_linux:[0;32mOK
[0;39m[1;34marr[77]: [0;39m ./push_swap 2 0 15 18 6 3 14 5 13 16 19 17 4 10 12 1 11 9 7 8 	checker_linux:[0;32mOK
[0;39m[1;34marr[78]: [0;39m ./push_swap 13 8 10 1 3 15 18 2 16 12 17 6 5 11 7 19 4 14 0 9 	checker_linux:[0;32mOK
[0;39m[1;34marr[79]: [0;39m ./push_swap 16 9 11 19 15 10 1 13 12 7 6 3 2 4 0 17 5 18 8 14 	checker_linux:[0;32mOK
[0;39m[1;34marr[81]: [0;39m ./push_swap 12 14 4 17 10 11 19 16 7 0 3 15 13 5 8 6 2 1 9 18 	checker_linux:[0;32mOK
[0;39m[1;34marr[82]: [0;39m ./push_swap 7 18 5 6 11 4 17 12 0 8 15 10 16 2 9 3 13 19 14 1 	checker_linux:[0;32mOK
[0;39m[1;34marr[83]: [0;39m ./push_swap 0 1 2 3 4 5 6 7 8 9 10 11 12 13 14 15 16 17 18 19 	checker_linux:[0;32mOK
[0;39m[1;34marr[84]: [0;39m ./push_swap 8 19 13 15 5 2 3 0 9 14 11 4 7 16 18 10 12 6 1 17 	checker_linux:[0;32mOK
[0;39m[1;34marr[85]: [0;39m ./push_swap 9 17 16 10 2 13 15 8 14 18 4 5 0 12 1 11 7 3 19 6 	checker_linux:[0;32mOK
[0;39m[1;34marr[86]: [0;39m ./push_swap 14 6 12 11 13 16 10 9 18 1 5 2 8 7 19 4 0 15 17 3 	checker_linux:[0;32mOK
[0;39m[1;34marr[87]: [0;39m ./push_swap 18 3 7 4 16 12 11 14 1 19 2 13 9 0 17 5 8 10 6 15 	checker_linux:[0;32mOK
[0;39m[1;34marr[88]: [0;39m ./push_swap 1 15 0 5 12 7 4 18 19 17 13 16 14 8 6 2 9 11 3 10 	checker_linux:[0;32mOK
[0;39m[1;34marr[89]: [0;39m ./push_swap 19 10 8 2 7 0 5 1 17 6 16 12 18 9 3 13 14 4 15 11 	checker_linux:[0;32mOK
[0;39m[1;34marr[90]: [0;39m ./push_swap 17 11 9 13 0 8 2 19 6 3 12 7 1 14 15 16 18 5 10 4 	checker_linux:[0;32mOK
[0;39m[1;34marr[91]: [0;39m ./push_swap 6 4 14 16 8 9 13 17 3 15 7 0 19 18 10 12 1 2 11 5 	checker_linux:[0;32mOK
[0;39m[1;34marr[92]: [0;39m ./push_swap 3 5 18 12 9 14 16 6 15 10 0 8 17 1 11 7 19 13 4 2 	checker_linux:[0;32mOK
[0;39m[1;34marr[93]: [0;39m ./push_swap 15 2 1 7 14 18 12 3 10 11 8 9 6 19 4 0 17 16 5 13 	checker_linux:[0;32mOK
[0;39m[1;34marr[94]: [0;39m ./push_swap 10 13 19 0 18 1 7 15 11 4 9 14 3 17 5 8 6 12 2 16 	checker_linux:[0;32mOK
[0;39m[1;34marr[95]: [0;39m ./push_swap 11 16 17 8 1 19 0 10 4 5 14 18 15 6 2 9 3 7 13 12 	checker_linux:[0;32mOK
[0;39m[1;34marr[96]: [0;39m ./push_swap 4 12 6 9 19 17 8 11 5 2 18 1 10 3 13 14 15 0 16 7 	checker_linux:[0;32mOK
[0;39m[1;34marr[97]: [0;39m ./push_swap 5 7 3 14 17 6 9 4 2 13 1 19 11 15 16 18 10 8 12 0 	checker_linux:[0;32mOK
[0;39m[1;34marr[98]: [0;39m ./push_swap 2 0 15 18 6 3 14 5 13 16 19 17 4 10 12 1 11 9 7 8 	checker_linux:[0;32mOK
[0;39m[1;34marr[99]: [0;39m ./push_swap 13 8 10 1 3 15 18 2 16 12 17 6 5 11 7 19 4 14 0 9 	checker_linux:[0;32mOK
[0;39m[1;34marr[101]: [0;39m ./push_swap 16 9 11 19 15 10 1 13 12 7 6 3 2 4 0 17 5 18 8 14 	checker_linux:[0;32mOK
[0;39m[1;34marr[102]: [0;39m ./push_swap 12 14 4 17 10 11 19 16 7 0 3 15 13 5 8 6 2 1 9 18 	checker_linux:[0;32mOK
[0;39m[1;34marr[103]: [0;39m ./push_swap 7 18 5 6 11 4 17 12 0 8 15 10 16 2 9 3 13 19 14 1 	checker_linux:[0;32mOK
[0;39m[1;34marr[104]: [0;39m ./push_swap 0 1 2 3 4 5 6 7 8 9 10 11 12 13 14 15 16 17 18 19 	checker_linux:[0;32mOK
[0;39m[1;34marr[105]: [0;39m ./push_swap 8 19 13 15 5 2 3 0 9 14 11 4 7 16 18 10 12 6 1 17 	checker_linux:[0;32mOK
[0;39m[1;34marr[106]: [0;39m ./push_swap 9 17 16 10 2 13 15 8 14 18 4 5 0 12 1 11 7 3 19 6 	checker_linux:[0;32mOK
[0;39m[1;34marr[107]: [0;39m ./push_swap 14 6 12 11 13 16 10 9 18 1 5 2 8 7 19 4 0 15 17 3 	checker_linux:[0;32mOK
[0;39m[1;34marr[108]: [0;39m ./push_swap 18 3 7 4 16 12 11 14 1 19 2 13 9 0 17 5 8 10 6 15 	checker_linux:[0;32mOK
[0;39m[1;34marr[109]: [0;39m ./push_swap 1 15 0 5 12 7 4 18 19 17 13 16 14 8 6 2 9 11 3 10 	checker_linux:[0;32mOK
[0;39m[1;34marr[110]: [0;39m ./push_swap 19 10 8 2 7 0 5 1 17 6 16 12 18 9 3 13 14 4 15 11 	checker_linux:[0;32mOK
[0;39m[1;34marr[111]: [0;39m ./push_swap 17 11 9 13 0 8 2 19 6 3 12 7 1 14 15 16 18 5 10 4 	checker_linux:[0;32mOK
[0;39m[1;34marr[112]: [0;39m ./push_swap 6 4 14 16 8 9 13 17 3 15 7 0 19 18 10 12 1 2 11 5 	checker_linux:[0;32mOK
[0;39m[1;34marr[113]: [0;39m ./push_swap 3 5 18 12 9 14 16 6 15 10 0 8 17 1 11 7 19 13 4 2 	checker_linux:[0;32mOK
[0;39m[1;34marr[114]: [0;39m ./push_swap 15 2 1 7 14 18 12 3 10 11 8 9 6 19 4 0 17 16 5 13 	checker_linux:[0;32mOK
[0;39m[1;34marr[115]: [0;39m ./push_swap 10 13 19 0 18 1 7 15 11 4 9 14 3 17 5 8 6 12 2 16 	checker_linux:[0;32mOK
[0;39m[1;34marr[116]: [0;39m ./push_swap 11 16 17 8 1 19 0 10 4 5 14 18 15 6 2 9 3 7 13 12 	checker_linux:[0;32mOK
[0;39m[1;34marr[117]: [0;39m ./push_swap 4 12 6 9 19 17 8 11 5 2 18 1 10 3 13 14 15 0 16 7 	checker_linux:[0;32mOK
[0;39m[1;34marr[118]: [0;39m ./push_swap 5 7 3 14 17 6 9 4 2 13 1 19 11 15 16 18 10 8 12 0 	checker_linux:[0;32mOK
[0;39m[1;34marr[119]: [0;39m ./push_swap 2 0 15 18 6 3 14 5 13 16 19 17 4 10 12 1 11 9 7 8 	checker_linux:[0;32mOK
[0;39m[1;34marr[121]: [0;39m ./push_swap 13 8 10 1 3 15 18 2 16 12 17 6 5 11 7 19 4 14 0 9 	checker_linux:[0;32mOK
[0;39m[1;34marr[122]: [0;39m ./push_swap 16 9 11 19 15 10 1 13 12 7 6 3 2 4 0 17 5 18 8 14 	checker_linux:[0;32mOK
[0;39m[1;34marr[123]: [0;39m ./push_swap 12 14 4 17 10 11 19 16 7 0 3 15 13 5 8 6 2 1 9 18 	checker_linux:[0;32mOK
[0;39m[1;34marr[124]: [0;39m ./push_swap 7 18 5 6 11 4 17 12 0 8 15 10 16 2 9 3 13 19 14 1 	checker_linux:[0;32mOK
[0;39m[1;34marr[125]: [0;39m ./push_swap 0 1 2 3 4 5 6 7 8 9 10 11 12 13 14 15 16 17 18 19 	checker_linux:[0;32mOK
[0;39m[1;34marr[126]: [0;39m ./push_swap 8 19 13 15 5 2 3 0 9 14 11 4 7 16 18 10 12 6 1 17 	checker_linux:[0;32mOK
[0;39m[1;34marr[127]: [0;39m ./push_swap 9 17 16 10 2 13 15 8 14 18 4 5 0 12 1 11 7 3 19 6 	checker_linux:[0;32mOK
[0;39m[1;34marr[128]: [0;39m ./push_swap 14 6 12 11 13 16 10 9 18 1 5 2 8 7 19 4 0 15 17 3 	checker_linux:[0;32mOK
[0;39m[1;34marr[129]: [0;39m ./push_swap 18 3 7 4 16 12 11 14 1 19 2 13 9 0 17 5 8 10 6 15 	checker_linux:[0;32mOK
[0;39m[1;34marr[130]: [0;39m ./push_swap 1 15 0 5 12 7 4 18 19 17 13 16 14 8 6 2 9 11 3 10 	checker_linux:[0;32mOK
[0;39m[1;34marr[131]: [0;39m ./push_swap 19 10 8 2 7 0 5 1 17 6 16 12 18 9 3 13 14 4 15 11 	checker_linux:[0;32mOK
[0;39m[1;34marr[132]: [0;39m ./push_swap 17 11 9 13 0 8 2 19 6 3 12 7 1 14 15 16 18 5 10 4 	checker_linux:[0;32mOK
[0;39m[1;34marr[133]: [0;39m ./push_swap 6 4 14 16 8 9 13 17 3 15 7 0 19 18 10 12 1 2 11 5 	checker_linux:[0;32mOK
[0;39m[1;34marr[134]: [0;39m ./push_swap 3 5 18 12 9 14 16 6 15 10 0 8 17 1 11 7 19 13 4 2 	checker_linux:[0;32mOK
[0;39m[1;34marr[135]: [0;39m ./push_swap 15 2 1 7 14 18 12 3 10 11 8 9 6 19 4 0 17 16 5 13 	checker_linux:[0;32mOK
[0;39m[1;34marr[136]: [0;39m ./push_swap 10 13 19 0 18 1 7 15 11 4 9 14 3 17 5 8 6 12 2 16 	checker_linux:[0;32mOK
[0;39m[1;34marr[137]: [0;39m ./push_swap 11 16 17 8 1 19 0 10 4 5 14 18 15 6 2 9 3 7 13 12 	checker_linux:[0;32mOK
[0;39m[1;34marr[138]: [0;39m ./push_swap 4 12 6 9 19 17 8 11 5 2 18 1 10 3 13 14 15 0 16 7 	checker_linux:[0;32mOK
[0;39m[1;34marr[139]: [0;39m ./push_swap 5 7 3 14 17 6 9 4 2 13 1 19 11 15 16 18 10 8 12 0 	checker_linux:[0;32mOK
[0;39m[1;34marr[141]: [0;39m ./push_swap 2 0 15 18 6 3 14 5 13 16 19 17 4 10 12 1 11 9 7 8 	checker_linux:[0;32mOK
[0;39m[1;34marr[142]: [0;39m ./push_swap 13 8 10 1 3 15 18 2 16 12 17 6 5 11 7 19 4 14 0 9 	checker_linux:[0;32mOK
[0;39m[1;34marr[143]: [0;39m ./push_swap 16 9 11 19 15 10 1 13 12 7 6 3 2 4 0 17 5 18 8 14 	checker_linux:[0;32mOK
[0;39m[1;34marr[144]: [0;39m ./push_swap 12 14 4 17 10 11 19 16 7 0 3 15 13 5 8 6 2 1 9 18 	checker_linux:[0;32mOK
[0;39m[1;34marr[145]: [0;39m ./push_swap 7 18 5 6 11 4 17 12 0 8 15 10 16 2 9 3 13 19 14 1 	checker_linux:[0;32mOK
[0;39m[1;34marr[146]: [0;39m ./push_swap 0 1 2 3 4 5 6 7 8 9 10 11 12 13 14 15 16 17 18 19 	checker_linux:[0;32mOK
[0;39m[1;34marr[147]: [0;39m ./push_swap 8 19 13 15 5 2 3 0 9 14 11 4 7 16 18 10 12 6 1 17 	checker_linux:[0;32mOK
[0;39m[1;34marr[148]: [0;39m ./push_swap 9 17 16 10 2 13 15 8 14 18 4 5 0 12 1 11 7 3 19 6 	checker_linux:[0;32mOK
[0;39m[1;34marr[149]: [0;39m ./push_swap 14 6 12 11 13 16 10 9 18 1 5 2 8 7 19 4 0 15 17 3 	checker_linux:[0;32mOK
[0;39m[1;34marr[150]: [0;39m ./push_swap 18 3 7 4 16 12 11 14 1 19 2 13 9 0 17 5 8 10 6 15 	checker_linux:[0;32mOK
[0;39m[1;34marr[151]: [0;39m ./push_swap 1 15 0 5 12 7 4 18 19 17 13 16 14 8 6 2 9 11 3 10 	checker_linux:[0;32mOK
[0;39m[1;34marr[152]: [0;39m ./push_swap 19 10 8 2 7 0 5 1 17 6 16 12 18 9 3 13 14 4 15 11 	checker_linux:[0;32mOK
[0;39m[1;34marr[153]: [0;39m ./push_swap 17 11 9 13 0 8 2 19 6 3 12 7 1 14 15 16 18 5 10 4 	checker_linux:[0;32mOK
[0;39m[1;34marr[154]: [0;39m ./push_swap 6 4 14 16 8 9 13 17 3 15 7 0 19 18 10 12 1 2 11 5 	checker_linux:[0;32mOK
[0;39m[1;34marr[155]: [0;39m ./push_swap 3 5 18 12 9 14 16 6 15 10 0 8 17 1 11 7 19 13 4 2 	checker_linux:[0;32mOK
[0;39m[1;34marr[156]: [0;39m ./push_swap 15 2 1 7 14 18 12 3 10 11 8 9 6 19 4 0 17 16 5 13 	checker_linux:[0;32mOK
[0;39m[1;34marr[157]: [0;39m ./push_swap 10 13 19 0 18 1 7 15 11 4 9 14 3 17 5 8 6 12 2 16 	checker_linux:[0;32mOK
[0;39m[1;34marr[158]: [0;39m ./push_swap 11 16 17 8 1 19 0 10 4 5 14 18 15 6 2 9 3 7 13 12 	checker_linux:[0;32mOK
[0;39m[1;34marr[159]: [0;39m ./push_swap 4 12 6 9 19 17 8 11 5 2 18 1 10 3 13 14 15 0 16 7 	checker_linux:[0;32mOK
[0;39m